This is pdfTeX, Version 3.14159265-2.6-1.40.20 (TeX Live 2019) (preloaded format=pdflatex 2019.5.11)  1 AUG 2019 20:59
entering extended mode
 restricted \write18 enabled.
 file:line:error style messages enabled.
 %&-line parsing enabled.
**teamnote.tex
(./teamnote.tex
LaTeX2e <2018-12-01>
(/usr/local/texlive/2019/texmf-dist/tex/latex/base/article.cls
Document Class: article 2018/09/03 v1.4i Standard LaTeX document class
(/usr/local/texlive/2019/texmf-dist/tex/latex/base/size10.clo
File: size10.clo 2018/09/03 v1.4i Standard LaTeX file (size option)
)
\c@part=\count80
\c@section=\count81
\c@subsection=\count82
\c@subsubsection=\count83
\c@paragraph=\count84
\c@subparagraph=\count85
\c@figure=\count86
\c@table=\count87
\abovecaptionskip=\skip41
\belowcaptionskip=\skip42
\bibindent=\dimen102
)
(/usr/local/texlive/2019/texmf-dist/tex/latex/tools/multicol.sty
Package: multicol 2018/12/27 v1.8v multicolumn formatting (FMi)
\c@tracingmulticols=\count88
\mult@box=\box27
\multicol@leftmargin=\dimen103
\c@unbalance=\count89
\c@collectmore=\count90
\doublecol@number=\count91
\multicoltolerance=\count92
\multicolpretolerance=\count93
\full@width=\dimen104
\page@free=\dimen105
\premulticols=\dimen106
\postmulticols=\dimen107
\multicolsep=\skip43
\multicolbaselineskip=\skip44
\partial@page=\box28
\last@line=\box29
\maxbalancingoverflow=\dimen108
\mult@rightbox=\box30
\mult@grightbox=\box31
\mult@gfirstbox=\box32
\mult@firstbox=\box33
\@tempa=\box34
\@tempa=\box35
\@tempa=\box36
\@tempa=\box37
\@tempa=\box38
\@tempa=\box39
\@tempa=\box40
\@tempa=\box41
\@tempa=\box42
\@tempa=\box43
\@tempa=\box44
\@tempa=\box45
\@tempa=\box46
\@tempa=\box47
\@tempa=\box48
\@tempa=\box49
\@tempa=\box50
\c@columnbadness=\count94
\c@finalcolumnbadness=\count95
\last@try=\dimen109
\multicolovershoot=\dimen110
\multicolundershoot=\dimen111
\mult@nat@firstbox=\box51
\colbreak@box=\box52
\mc@col@check@num=\count96
)
(/usr/local/texlive/2019/texmf-dist/tex/latex/amsmath/amsmath.sty
Package: amsmath 2018/12/01 v2.17b AMS math features
\@mathmargin=\skip45

For additional information on amsmath, use the `?' option.
(/usr/local/texlive/2019/texmf-dist/tex/latex/amsmath/amstext.sty
Package: amstext 2000/06/29 v2.01 AMS text

(/usr/local/texlive/2019/texmf-dist/tex/latex/amsmath/amsgen.sty
File: amsgen.sty 1999/11/30 v2.0 generic functions
\@emptytoks=\toks14
\ex@=\dimen112
))
(/usr/local/texlive/2019/texmf-dist/tex/latex/amsmath/amsbsy.sty
Package: amsbsy 1999/11/29 v1.2d Bold Symbols
\pmbraise@=\dimen113
)
(/usr/local/texlive/2019/texmf-dist/tex/latex/amsmath/amsopn.sty
Package: amsopn 2016/03/08 v2.02 operator names
)
\inf@bad=\count97
LaTeX Info: Redefining \frac on input line 223.
\uproot@=\count98
\leftroot@=\count99
LaTeX Info: Redefining \overline on input line 385.
\classnum@=\count100
\DOTSCASE@=\count101
LaTeX Info: Redefining \ldots on input line 482.
LaTeX Info: Redefining \dots on input line 485.
LaTeX Info: Redefining \cdots on input line 606.
\Mathstrutbox@=\box53
\strutbox@=\box54
\big@size=\dimen114
LaTeX Font Info:    Redeclaring font encoding OML on input line 729.
LaTeX Font Info:    Redeclaring font encoding OMS on input line 730.
\macc@depth=\count102
\c@MaxMatrixCols=\count103
\dotsspace@=\muskip10
\c@parentequation=\count104
\dspbrk@lvl=\count105
\tag@help=\toks15
\row@=\count106
\column@=\count107
\maxfields@=\count108
\andhelp@=\toks16
\eqnshift@=\dimen115
\alignsep@=\dimen116
\tagshift@=\dimen117
\tagwidth@=\dimen118
\totwidth@=\dimen119
\lineht@=\dimen120
\@envbody=\toks17
\multlinegap=\skip46
\multlinetaggap=\skip47
\mathdisplay@stack=\toks18
LaTeX Info: Redefining \[ on input line 2844.
LaTeX Info: Redefining \] on input line 2845.
)
(/usr/local/texlive/2019/texmf-dist/tex/latex/graphbox/graphbox.sty
Package: graphbox 2018/01/17 v1.1 extension for graphicx to adjust containing b
ox

(/usr/local/texlive/2019/texmf-dist/tex/latex/graphics/graphicx.sty
Package: graphicx 2017/06/01 v1.1a Enhanced LaTeX Graphics (DPC,SPQR)

(/usr/local/texlive/2019/texmf-dist/tex/latex/graphics/keyval.sty
Package: keyval 2014/10/28 v1.15 key=value parser (DPC)
\KV@toks@=\toks19
)
(/usr/local/texlive/2019/texmf-dist/tex/latex/graphics/graphics.sty
Package: graphics 2017/06/25 v1.2c Standard LaTeX Graphics (DPC,SPQR)

(/usr/local/texlive/2019/texmf-dist/tex/latex/graphics/trig.sty
Package: trig 2016/01/03 v1.10 sin cos tan (DPC)
)
(/usr/local/texlive/2019/texmf-dist/tex/latex/graphics-cfg/graphics.cfg
File: graphics.cfg 2016/06/04 v1.11 sample graphics configuration
)
Package graphics Info: Driver file: pdftex.def on input line 99.

(/usr/local/texlive/2019/texmf-dist/tex/latex/graphics-def/pdftex.def
File: pdftex.def 2018/01/08 v1.0l Graphics/color driver for pdftex
))
\Gin@req@height=\dimen121
\Gin@req@width=\dimen122
)
\Gin@box@box=\box55
\Gin@box@width=\skip48
\Gin@box@height=\skip49
\Gin@box@raise=\skip50
\Gin@box@hspace=\skip51
\Gin@box@bwidth=\skip52
\Gin@box@bheight=\skip53
)
(/usr/local/texlive/2019/texmf-dist/tex/latex/amsfonts/amssymb.sty
Package: amssymb 2013/01/14 v3.01 AMS font symbols

(/usr/local/texlive/2019/texmf-dist/tex/latex/amsfonts/amsfonts.sty
Package: amsfonts 2013/01/14 v3.01 Basic AMSFonts support
\symAMSa=\mathgroup4
\symAMSb=\mathgroup5
LaTeX Font Info:    Overwriting math alphabet `\mathfrak' in version `bold'
(Font)                  U/euf/m/n --> U/euf/b/n on input line 106.
))
(/usr/local/texlive/2019/texmf-dist/tex/latex/mathtools/mathtools.sty
Package: mathtools 2018/01/08 v1.21 mathematical typesetting tools

(/usr/local/texlive/2019/texmf-dist/tex/latex/tools/calc.sty
Package: calc 2017/05/25 v4.3 Infix arithmetic (KKT,FJ)
\calc@Acount=\count109
\calc@Bcount=\count110
\calc@Adimen=\dimen123
\calc@Bdimen=\dimen124
\calc@Askip=\skip54
\calc@Bskip=\skip55
LaTeX Info: Redefining \setlength on input line 80.
LaTeX Info: Redefining \addtolength on input line 81.
\calc@Ccount=\count111
\calc@Cskip=\skip56
)
(/usr/local/texlive/2019/texmf-dist/tex/latex/mathtools/mhsetup.sty
Package: mhsetup 2017/03/31 v1.3 programming setup (MH)
)
LaTeX Info: Thecontrolsequence`\('isalreadyrobust on input line 129.
LaTeX Info: Thecontrolsequence`\)'isalreadyrobust on input line 129.
LaTeX Info: Thecontrolsequence`\['isalreadyrobust on input line 129.
LaTeX Info: Thecontrolsequence`\]'isalreadyrobust on input line 129.
\g_MT_multlinerow_int=\count112
\l_MT_multwidth_dim=\dimen125
\origjot=\skip57
\l_MT_shortvdotswithinadjustabove_dim=\dimen126
\l_MT_shortvdotswithinadjustbelow_dim=\dimen127
\l_MT_above_intertext_sep=\dimen128
\l_MT_below_intertext_sep=\dimen129
\l_MT_above_shortintertext_sep=\dimen130
\l_MT_below_shortintertext_sep=\dimen131
)
(/usr/local/texlive/2019/texmf-dist/tex/latex/caption/subcaption.sty
Package: subcaption 2018/05/01 v1.1-162 Sub-captions (AR)

(/usr/local/texlive/2019/texmf-dist/tex/latex/caption/caption.sty
Package: caption 2018/10/06 v3.3-154 Customizing captions (AR)

(/usr/local/texlive/2019/texmf-dist/tex/latex/caption/caption3.sty
Package: caption3 2018/09/12 v1.8c caption3 kernel (AR)
Package caption3 Info: TeX engine: e-TeX on input line 64.
\captionmargin=\dimen132
\captionmargin@=\dimen133
\captionwidth=\dimen134
\caption@tempdima=\dimen135
\caption@indent=\dimen136
\caption@parindent=\dimen137
\caption@hangindent=\dimen138
)
\c@caption@flags=\count113
\c@ContinuedFloat=\count114
)
\c@subfigure=\count115
\c@subtable=\count116
)
(/usr/local/texlive/2019/texmf-dist/tex/latex/geometry/geometry.sty
Package: geometry 2018/04/16 v5.8 Page Geometry

(/usr/local/texlive/2019/texmf-dist/tex/generic/oberdiek/ifpdf.sty
Package: ifpdf 2018/09/07 v3.3 Provides the ifpdf switch
)
(/usr/local/texlive/2019/texmf-dist/tex/generic/oberdiek/ifvtex.sty
Package: ifvtex 2016/05/16 v1.6 Detect VTeX and its facilities (HO)
Package ifvtex Info: VTeX not detected.
)
(/usr/local/texlive/2019/texmf-dist/tex/generic/ifxetex/ifxetex.sty
Package: ifxetex 2010/09/12 v0.6 Provides ifxetex conditional
)
\Gm@cnth=\count117
\Gm@cntv=\count118
\c@Gm@tempcnt=\count119
\Gm@bindingoffset=\dimen139
\Gm@wd@mp=\dimen140
\Gm@odd@mp=\dimen141
\Gm@even@mp=\dimen142
\Gm@layoutwidth=\dimen143
\Gm@layoutheight=\dimen144
\Gm@layouthoffset=\dimen145
\Gm@layoutvoffset=\dimen146
\Gm@dimlist=\toks20
)
(/usr/local/texlive/2019/texmf-dist/tex/latex/tools/enumerate.sty
Package: enumerate 2015/07/23 v3.00 enumerate extensions (DPC)
\@enLab=\toks21
)
(/usr/local/texlive/2019/texmf-dist/tex/latex/amscls/amsthm.sty
Package: amsthm 2017/10/31 v2.20.4
\thm@style=\toks22
\thm@bodyfont=\toks23
\thm@headfont=\toks24
\thm@notefont=\toks25
\thm@headpunct=\toks26
\thm@preskip=\skip58
\thm@postskip=\skip59
\thm@headsep=\skip60
\dth@everypar=\toks27
)
(/usr/local/texlive/2019/texmf-dist/tex/latex/physics/physics.sty
Package: physics 

(/usr/local/texlive/2019/texmf-dist/tex/latex/l3packages/xparse/xparse.sty
(/usr/local/texlive/2019/texmf-dist/tex/latex/l3kernel/expl3.sty
Package: expl3 2019-07-01 L3 programming layer (loader) 

(/usr/local/texlive/2019/texmf-dist/tex/latex/l3kernel/expl3-code.tex
Package: expl3 2019-07-01 L3 programming layer (code)
\c_max_int=\count120
\l_tmpa_int=\count121
\l_tmpb_int=\count122
\g_tmpa_int=\count123
\g_tmpb_int=\count124
\g__kernel_prg_map_int=\count125
\c__ior_term_ior=\count126
\c_log_iow=\count127
\l_iow_line_count_int=\count128
\l__iow_line_target_int=\count129
\l__iow_one_indent_int=\count130
\l__iow_indent_int=\count131
\c_zero_dim=\dimen147
\c_max_dim=\dimen148
\l_tmpa_dim=\dimen149
\l_tmpb_dim=\dimen150
\g_tmpa_dim=\dimen151
\g_tmpb_dim=\dimen152
\c_zero_skip=\skip61
\c_max_skip=\skip62
\l_tmpa_skip=\skip63
\l_tmpb_skip=\skip64
\g_tmpa_skip=\skip65
\g_tmpb_skip=\skip66
\c_zero_muskip=\muskip11
\c_max_muskip=\muskip12
\l_tmpa_muskip=\muskip13
\l_tmpb_muskip=\muskip14
\g_tmpa_muskip=\muskip15
\g_tmpb_muskip=\muskip16
\l_keys_choice_int=\count132
\l__intarray_loop_int=\count133
\c__intarray_sp_dim=\dimen153
\g__intarray_font_int=\count134
\c__fp_leading_shift_int=\count135
\c__fp_middle_shift_int=\count136
\c__fp_trailing_shift_int=\count137
\c__fp_big_leading_shift_int=\count138
\c__fp_big_middle_shift_int=\count139
\c__fp_big_trailing_shift_int=\count140
\c__fp_Bigg_leading_shift_int=\count141
\c__fp_Bigg_middle_shift_int=\count142
\c__fp_Bigg_trailing_shift_int=\count143
\c__kernel_randint_max_int=\count144
\g__fp_array_int=\count145
\l__fp_array_loop_int=\count146
\l__sort_length_int=\count147
\l__sort_min_int=\count148
\l__sort_top_int=\count149
\l__sort_max_int=\count150
\l__sort_true_max_int=\count151
\l__sort_block_int=\count152
\l__sort_begin_int=\count153
\l__sort_end_int=\count154
\l__sort_A_int=\count155
\l__sort_B_int=\count156
\l__sort_C_int=\count157
\l__str_internal_int=\count158
\c__str_replacement_char_int=\count159
\l__tl_analysis_normal_int=\count160
\l__tl_analysis_index_int=\count161
\l__tl_analysis_nesting_int=\count162
\l__tl_analysis_type_int=\count163
\l__regex_internal_a_int=\count164
\l__regex_internal_b_int=\count165
\l__regex_internal_c_int=\count166
\l__regex_balance_int=\count167
\l__regex_group_level_int=\count168
\l__regex_mode_int=\count169
\c__regex_cs_in_class_mode_int=\count170
\c__regex_cs_mode_int=\count171
\l__regex_catcodes_int=\count172
\l__regex_default_catcodes_int=\count173
\c__regex_catcode_D_int=\count174
\c__regex_catcode_S_int=\count175
\c__regex_catcode_L_int=\count176
\c__regex_catcode_O_int=\count177
\c__regex_catcode_A_int=\count178
\c__regex_all_catcodes_int=\count179
\l__regex_show_lines_int=\count180
\l__regex_min_state_int=\count181
\l__regex_max_state_int=\count182
\l__regex_left_state_int=\count183
\l__regex_right_state_int=\count184
\l__regex_capturing_group_int=\count185
\l__regex_min_pos_int=\count186
\l__regex_max_pos_int=\count187
\l__regex_curr_pos_int=\count188
\l__regex_start_pos_int=\count189
\l__regex_success_pos_int=\count190
\l__regex_curr_char_int=\count191
\l__regex_curr_catcode_int=\count192
\l__regex_last_char_int=\count193
\l__regex_case_changed_char_int=\count194
\l__regex_curr_state_int=\count195
\l__regex_step_int=\count196
\l__regex_min_active_int=\count197
\l__regex_max_active_int=\count198
\l__regex_replacement_csnames_int=\count199
\l__regex_match_count_int=\count266
\l__regex_min_submatch_int=\count267
\l__regex_submatch_int=\count268
\l__regex_zeroth_submatch_int=\count269
\g__regex_trace_regex_int=\count270
\c_empty_box=\box56
\l_tmpa_box=\box57
\l_tmpb_box=\box58
\g_tmpa_box=\box59
\g_tmpb_box=\box60
\l__box_top_dim=\dimen154
\l__box_bottom_dim=\dimen155
\l__box_left_dim=\dimen156
\l__box_right_dim=\dimen157
\l__box_top_new_dim=\dimen158
\l__box_bottom_new_dim=\dimen159
\l__box_left_new_dim=\dimen160
\l__box_right_new_dim=\dimen161
\l__box_internal_box=\box61
\l__coffin_internal_box=\box62
\l__coffin_internal_dim=\dimen162
\l__coffin_offset_x_dim=\dimen163
\l__coffin_offset_y_dim=\dimen164
\l__coffin_x_dim=\dimen165
\l__coffin_y_dim=\dimen166
\l__coffin_x_prime_dim=\dimen167
\l__coffin_y_prime_dim=\dimen168
\c_empty_coffin=\box63
\l__coffin_aligned_coffin=\box64
\l__coffin_aligned_internal_coffin=\box65
\l_tmpa_coffin=\box66
\l_tmpb_coffin=\box67
\g_tmpa_coffin=\box68
\g_tmpb_coffin=\box69
\l__coffin_bounding_shift_dim=\dimen169
\l__coffin_left_corner_dim=\dimen170
\l__coffin_right_corner_dim=\dimen171
\l__coffin_bottom_corner_dim=\dimen172
\l__coffin_top_corner_dim=\dimen173
\l__coffin_scaled_total_height_dim=\dimen174
\l__coffin_scaled_width_dim=\dimen175
\c__coffin_empty_coffin=\box70
\l__coffin_display_coffin=\box71
\l__coffin_display_coord_coffin=\box72
\l__coffin_display_pole_coffin=\box73
\l__coffin_display_offset_dim=\dimen176
\l__coffin_display_x_dim=\dimen177
\l__coffin_display_y_dim=\dimen178
\g__file_internal_ior=\read1
\l__seq_internal_a_int=\count271
\l__seq_internal_b_int=\count272
\c__deprecation_minus_one=\count273
)

! LaTeX Error: File `l3backend-pdfmode.def' not found.

Type X to quit or <RETURN> to proceed,
or enter new name. (Default extension: def)

Enter file name: 
/usr/local/texlive/2019/texmf-dist/tex/latex/l3kernel/expl3.sty:282: Emergency 
stop.
<read *> 
         
l.282   }
          
*** (cannot \read from terminal in nonstop modes)

 
Here is how much of TeX's memory you used:
 13411 strings out of 492616
 244077 string characters out of 6129481
 283690 words of memory out of 5000000
 17312 multiletter control sequences out of 15000+600000
 532338 words of font info for 24 fonts, out of 8000000 for 9000
 1141 hyphenation exceptions out of 8191
 47i,0n,65p,287b,317s stack positions out of 5000i,500n,10000p,200000b,80000s
/usr/local/texlive/2019/texmf-dist/tex/latex/l3kernel/expl3.sty:282:  ==> Fatal
 error occurred, no output PDF file produced!
